2019-11-07 10:27:34,791 INFO [org.springframework.test.context.support.DefaultTestContextBootstrapper] - Loaded default TestExecutionListener class names from location [META-INF/spring.factories]: [org.springframework.test.context.web.ServletTestExecutionListener, org.springframework.test.context.support.DirtiesContextBeforeModesTestExecutionListener, org.springframework.test.context.support.DependencyInjectionTestExecutionListener, org.springframework.test.context.support.DirtiesContextTestExecutionListener, org.springframework.test.context.transaction.TransactionalTestExecutionListener, org.springframework.test.context.jdbc.SqlScriptsTestExecutionListener]
2019-11-07 10:27:34,844 INFO [org.springframework.test.context.support.DefaultTestContextBootstrapper] - Using TestExecutionListeners: [org.springframework.test.context.web.ServletTestExecutionListener@6093dd95, org.springframework.test.context.support.DirtiesContextBeforeModesTestExecutionListener@5622fdf, org.springframework.test.context.support.DependencyInjectionTestExecutionListener@4883b407, org.springframework.test.context.support.DirtiesContextTestExecutionListener@7d9d1a19, org.springframework.test.context.transaction.TransactionalTestExecutionListener@39c0f4a, org.springframework.test.context.jdbc.SqlScriptsTestExecutionListener@1794d431]
2019-11-07 10:27:34,927 INFO [org.springframework.beans.factory.xml.XmlBeanDefinitionReader] - Loading XML bean definitions from class path resource [spring-context.xml]
2019-11-07 10:27:35,470 INFO [org.springframework.beans.factory.xml.XmlBeanDefinitionReader] - Loading XML bean definitions from class path resource [spring-context-druid.xml]
2019-11-07 10:27:35,527 INFO [org.springframework.beans.factory.xml.XmlBeanDefinitionReader] - Loading XML bean definitions from class path resource [spring-context-mybatis.xml]
2019-11-07 10:27:35,552 INFO [org.springframework.context.support.GenericApplicationContext] - Refreshing org.springframework.context.support.GenericApplicationContext@6536e911: startup date [Thu Nov 07 10:27:35 CST 2019]; root of context hierarchy
2019-11-07 10:27:36,654 INFO [com.alibaba.druid.pool.DruidDataSource] - {dataSource-1} inited
2019-11-07 10:27:37,271 INFO [org.springframework.context.support.GenericApplicationContext] - Closing org.springframework.context.support.GenericApplicationContext@6536e911: startup date [Thu Nov 07 10:27:35 CST 2019]; root of context hierarchy
2019-11-07 10:27:37,275 INFO [com.alibaba.druid.pool.DruidDataSource] - {dataSource-1} closed
2019-11-07 10:29:11,653 INFO [org.springframework.test.context.support.DefaultTestContextBootstrapper] - Loaded default TestExecutionListener class names from location [META-INF/spring.factories]: [org.springframework.test.context.web.ServletTestExecutionListener, org.springframework.test.context.support.DirtiesContextBeforeModesTestExecutionListener, org.springframework.test.context.support.DependencyInjectionTestExecutionListener, org.springframework.test.context.support.DirtiesContextTestExecutionListener, org.springframework.test.context.transaction.TransactionalTestExecutionListener, org.springframework.test.context.jdbc.SqlScriptsTestExecutionListener]
2019-11-07 10:29:11,672 INFO [org.springframework.test.context.support.DefaultTestContextBootstrapper] - Using TestExecutionListeners: [org.springframework.test.context.web.ServletTestExecutionListener@6093dd95, org.springframework.test.context.support.DirtiesContextBeforeModesTestExecutionListener@5622fdf, org.springframework.test.context.support.DependencyInjectionTestExecutionListener@4883b407, org.springframework.test.context.support.DirtiesContextTestExecutionListener@7d9d1a19, org.springframework.test.context.transaction.TransactionalTestExecutionListener@39c0f4a, org.springframework.test.context.jdbc.SqlScriptsTestExecutionListener@1794d431]
2019-11-07 10:29:11,745 INFO [org.springframework.beans.factory.xml.XmlBeanDefinitionReader] - Loading XML bean definitions from class path resource [spring-context.xml]
2019-11-07 10:29:11,949 INFO [org.springframework.beans.factory.xml.XmlBeanDefinitionReader] - Loading XML bean definitions from class path resource [spring-context-druid.xml]
2019-11-07 10:29:11,977 INFO [org.springframework.beans.factory.xml.XmlBeanDefinitionReader] - Loading XML bean definitions from class path resource [spring-context-mybatis.xml]
2019-11-07 10:29:12,001 INFO [org.springframework.context.support.GenericApplicationContext] - Refreshing org.springframework.context.support.GenericApplicationContext@6536e911: startup date [Thu Nov 07 10:29:11 CST 2019]; root of context hierarchy
2019-11-07 10:29:12,719 INFO [com.alibaba.druid.pool.DruidDataSource] - {dataSource-1} inited
2019-11-07 10:29:13,145 INFO [org.springframework.context.support.GenericApplicationContext] - Closing org.springframework.context.support.GenericApplicationContext@6536e911: startup date [Thu Nov 07 10:29:11 CST 2019]; root of context hierarchy
2019-11-07 10:29:13,150 INFO [com.alibaba.druid.pool.DruidDataSource] - {dataSource-1} closed
2019-11-07 10:39:42,366 INFO [org.springframework.test.context.support.DefaultTestContextBootstrapper] - Loaded default TestExecutionListener class names from location [META-INF/spring.factories]: [org.springframework.test.context.web.ServletTestExecutionListener, org.springframework.test.context.support.DirtiesContextBeforeModesTestExecutionListener, org.springframework.test.context.support.DependencyInjectionTestExecutionListener, org.springframework.test.context.support.DirtiesContextTestExecutionListener, org.springframework.test.context.transaction.TransactionalTestExecutionListener, org.springframework.test.context.jdbc.SqlScriptsTestExecutionListener]
2019-11-07 10:39:42,380 INFO [org.springframework.test.context.support.DefaultTestContextBootstrapper] - Using TestExecutionListeners: [org.springframework.test.context.web.ServletTestExecutionListener@6093dd95, org.springframework.test.context.support.DirtiesContextBeforeModesTestExecutionListener@5622fdf, org.springframework.test.context.support.DependencyInjectionTestExecutionListener@4883b407, org.springframework.test.context.support.DirtiesContextTestExecutionListener@7d9d1a19, org.springframework.test.context.transaction.TransactionalTestExecutionListener@39c0f4a, org.springframework.test.context.jdbc.SqlScriptsTestExecutionListener@1794d431]
2019-11-07 10:39:42,451 INFO [org.springframework.beans.factory.xml.XmlBeanDefinitionReader] - Loading XML bean definitions from class path resource [spring-context.xml]
2019-11-07 10:39:42,685 INFO [org.springframework.beans.factory.xml.XmlBeanDefinitionReader] - Loading XML bean definitions from class path resource [spring-context-druid.xml]
2019-11-07 10:39:42,723 INFO [org.springframework.beans.factory.xml.XmlBeanDefinitionReader] - Loading XML bean definitions from class path resource [spring-context-mybatis.xml]
2019-11-07 10:39:42,741 INFO [org.springframework.context.support.GenericApplicationContext] - Refreshing org.springframework.context.support.GenericApplicationContext@6536e911: startup date [Thu Nov 07 10:39:42 CST 2019]; root of context hierarchy
2019-11-07 10:39:43,448 INFO [com.alibaba.druid.pool.DruidDataSource] - {dataSource-1} inited
2019-11-07 10:39:43,964 INFO [org.springframework.context.support.GenericApplicationContext] - Closing org.springframework.context.support.GenericApplicationContext@6536e911: startup date [Thu Nov 07 10:39:42 CST 2019]; root of context hierarchy
2019-11-07 10:39:43,969 INFO [com.alibaba.druid.pool.DruidDataSource] - {dataSource-1} closed
2019-11-07 10:41:44,521 INFO [org.springframework.test.context.support.DefaultTestContextBootstrapper] - Loaded default TestExecutionListener class names from location [META-INF/spring.factories]: [org.springframework.test.context.web.ServletTestExecutionListener, org.springframework.test.context.support.DirtiesContextBeforeModesTestExecutionListener, org.springframework.test.context.support.DependencyInjectionTestExecutionListener, org.springframework.test.context.support.DirtiesContextTestExecutionListener, org.springframework.test.context.transaction.TransactionalTestExecutionListener, org.springframework.test.context.jdbc.SqlScriptsTestExecutionListener]
2019-11-07 10:41:44,536 INFO [org.springframework.test.context.support.DefaultTestContextBootstrapper] - Using TestExecutionListeners: [org.springframework.test.context.web.ServletTestExecutionListener@6093dd95, org.springframework.test.context.support.DirtiesContextBeforeModesTestExecutionListener@5622fdf, org.springframework.test.context.support.DependencyInjectionTestExecutionListener@4883b407, org.springframework.test.context.support.DirtiesContextTestExecutionListener@7d9d1a19, org.springframework.test.context.transaction.TransactionalTestExecutionListener@39c0f4a, org.springframework.test.context.jdbc.SqlScriptsTestExecutionListener@1794d431]
2019-11-07 10:41:44,604 INFO [org.springframework.beans.factory.xml.XmlBeanDefinitionReader] - Loading XML bean definitions from class path resource [spring-context.xml]
2019-11-07 10:41:44,807 INFO [org.springframework.beans.factory.xml.XmlBeanDefinitionReader] - Loading XML bean definitions from class path resource [spring-context-druid.xml]
2019-11-07 10:41:44,835 INFO [org.springframework.beans.factory.xml.XmlBeanDefinitionReader] - Loading XML bean definitions from class path resource [spring-context-mybatis.xml]
2019-11-07 10:41:44,854 INFO [org.springframework.context.support.GenericApplicationContext] - Refreshing org.springframework.context.support.GenericApplicationContext@6536e911: startup date [Thu Nov 07 10:41:44 CST 2019]; root of context hierarchy
2019-11-07 10:41:45,584 INFO [com.alibaba.druid.pool.DruidDataSource] - {dataSource-1} inited
2019-11-07 10:41:46,044 INFO [org.springframework.context.support.GenericApplicationContext] - Closing org.springframework.context.support.GenericApplicationContext@6536e911: startup date [Thu Nov 07 10:41:44 CST 2019]; root of context hierarchy
2019-11-07 10:41:46,049 INFO [com.alibaba.druid.pool.DruidDataSource] - {dataSource-1} closed
2019-11-07 10:56:42,664 INFO [org.springframework.test.context.support.DefaultTestContextBootstrapper] - Loaded default TestExecutionListener class names from location [META-INF/spring.factories]: [org.springframework.test.context.web.ServletTestExecutionListener, org.springframework.test.context.support.DirtiesContextBeforeModesTestExecutionListener, org.springframework.test.context.support.DependencyInjectionTestExecutionListener, org.springframework.test.context.support.DirtiesContextTestExecutionListener, org.springframework.test.context.transaction.TransactionalTestExecutionListener, org.springframework.test.context.jdbc.SqlScriptsTestExecutionListener]
2019-11-07 10:56:42,685 INFO [org.springframework.test.context.support.DefaultTestContextBootstrapper] - Using TestExecutionListeners: [org.springframework.test.context.web.ServletTestExecutionListener@6093dd95, org.springframework.test.context.support.DirtiesContextBeforeModesTestExecutionListener@5622fdf, org.springframework.test.context.support.DependencyInjectionTestExecutionListener@4883b407, org.springframework.test.context.support.DirtiesContextTestExecutionListener@7d9d1a19, org.springframework.test.context.transaction.TransactionalTestExecutionListener@39c0f4a, org.springframework.test.context.jdbc.SqlScriptsTestExecutionListener@1794d431]
2019-11-07 10:56:42,765 INFO [org.springframework.beans.factory.xml.XmlBeanDefinitionReader] - Loading XML bean definitions from class path resource [spring-context.xml]
2019-11-07 10:56:42,970 INFO [org.springframework.beans.factory.xml.XmlBeanDefinitionReader] - Loading XML bean definitions from class path resource [spring-context-druid.xml]
2019-11-07 10:56:43,007 INFO [org.springframework.beans.factory.xml.XmlBeanDefinitionReader] - Loading XML bean definitions from class path resource [spring-context-mybatis.xml]
2019-11-07 10:56:43,027 INFO [org.springframework.context.support.GenericApplicationContext] - Refreshing org.springframework.context.support.GenericApplicationContext@6536e911: startup date [Thu Nov 07 10:56:43 CST 2019]; root of context hierarchy
2019-11-07 10:56:43,758 INFO [com.alibaba.druid.pool.DruidDataSource] - {dataSource-1} inited
2019-11-07 10:56:44,193 INFO [org.springframework.context.support.GenericApplicationContext] - Closing org.springframework.context.support.GenericApplicationContext@6536e911: startup date [Thu Nov 07 10:56:43 CST 2019]; root of context hierarchy
2019-11-07 10:56:44,196 INFO [com.alibaba.druid.pool.DruidDataSource] - {dataSource-1} closed
2019-11-07 10:57:45,835 INFO [org.springframework.test.context.support.DefaultTestContextBootstrapper] - Loaded default TestExecutionListener class names from location [META-INF/spring.factories]: [org.springframework.test.context.web.ServletTestExecutionListener, org.springframework.test.context.support.DirtiesContextBeforeModesTestExecutionListener, org.springframework.test.context.support.DependencyInjectionTestExecutionListener, org.springframework.test.context.support.DirtiesContextTestExecutionListener, org.springframework.test.context.transaction.TransactionalTestExecutionListener, org.springframework.test.context.jdbc.SqlScriptsTestExecutionListener]
2019-11-07 10:57:45,857 INFO [org.springframework.test.context.support.DefaultTestContextBootstrapper] - Using TestExecutionListeners: [org.springframework.test.context.web.ServletTestExecutionListener@6093dd95, org.springframework.test.context.support.DirtiesContextBeforeModesTestExecutionListener@5622fdf, org.springframework.test.context.support.DependencyInjectionTestExecutionListener@4883b407, org.springframework.test.context.support.DirtiesContextTestExecutionListener@7d9d1a19, org.springframework.test.context.transaction.TransactionalTestExecutionListener@39c0f4a, org.springframework.test.context.jdbc.SqlScriptsTestExecutionListener@1794d431]
2019-11-07 10:57:45,937 INFO [org.springframework.beans.factory.xml.XmlBeanDefinitionReader] - Loading XML bean definitions from class path resource [spring-context.xml]
2019-11-07 10:57:46,162 INFO [org.springframework.beans.factory.xml.XmlBeanDefinitionReader] - Loading XML bean definitions from class path resource [spring-context-druid.xml]
2019-11-07 10:57:46,199 INFO [org.springframework.beans.factory.xml.XmlBeanDefinitionReader] - Loading XML bean definitions from class path resource [spring-context-mybatis.xml]
2019-11-07 10:57:46,226 INFO [org.springframework.context.support.GenericApplicationContext] - Refreshing org.springframework.context.support.GenericApplicationContext@6536e911: startup date [Thu Nov 07 10:57:46 CST 2019]; root of context hierarchy
2019-11-07 10:57:46,951 INFO [com.alibaba.druid.pool.DruidDataSource] - {dataSource-1} inited
2019-11-07 10:57:47,403 INFO [org.springframework.context.support.GenericApplicationContext] - Closing org.springframework.context.support.GenericApplicationContext@6536e911: startup date [Thu Nov 07 10:57:46 CST 2019]; root of context hierarchy
2019-11-07 10:57:47,407 INFO [com.alibaba.druid.pool.DruidDataSource] - {dataSource-1} closed
2019-11-07 11:00:31,878 INFO [org.springframework.test.context.support.DefaultTestContextBootstrapper] - Loaded default TestExecutionListener class names from location [META-INF/spring.factories]: [org.springframework.test.context.web.ServletTestExecutionListener, org.springframework.test.context.support.DirtiesContextBeforeModesTestExecutionListener, org.springframework.test.context.support.DependencyInjectionTestExecutionListener, org.springframework.test.context.support.DirtiesContextTestExecutionListener, org.springframework.test.context.transaction.TransactionalTestExecutionListener, org.springframework.test.context.jdbc.SqlScriptsTestExecutionListener]
2019-11-07 11:00:31,897 INFO [org.springframework.test.context.support.DefaultTestContextBootstrapper] - Using TestExecutionListeners: [org.springframework.test.context.web.ServletTestExecutionListener@6093dd95, org.springframework.test.context.support.DirtiesContextBeforeModesTestExecutionListener@5622fdf, org.springframework.test.context.support.DependencyInjectionTestExecutionListener@4883b407, org.springframework.test.context.support.DirtiesContextTestExecutionListener@7d9d1a19, org.springframework.test.context.transaction.TransactionalTestExecutionListener@39c0f4a, org.springframework.test.context.jdbc.SqlScriptsTestExecutionListener@1794d431]
2019-11-07 11:00:31,975 INFO [org.springframework.beans.factory.xml.XmlBeanDefinitionReader] - Loading XML bean definitions from class path resource [spring-context.xml]
2019-11-07 11:00:32,199 INFO [org.springframework.beans.factory.xml.XmlBeanDefinitionReader] - Loading XML bean definitions from class path resource [spring-context-druid.xml]
2019-11-07 11:00:32,235 INFO [org.springframework.beans.factory.xml.XmlBeanDefinitionReader] - Loading XML bean definitions from class path resource [spring-context-mybatis.xml]
2019-11-07 11:00:32,257 INFO [org.springframework.context.support.GenericApplicationContext] - Refreshing org.springframework.context.support.GenericApplicationContext@6536e911: startup date [Thu Nov 07 11:00:32 CST 2019]; root of context hierarchy
2019-11-07 11:00:33,029 INFO [com.alibaba.druid.pool.DruidDataSource] - {dataSource-1} inited
2019-11-07 11:00:33,549 INFO [org.springframework.context.support.GenericApplicationContext] - Closing org.springframework.context.support.GenericApplicationContext@6536e911: startup date [Thu Nov 07 11:00:32 CST 2019]; root of context hierarchy
2019-11-07 11:00:33,553 INFO [com.alibaba.druid.pool.DruidDataSource] - {dataSource-1} closed
2019-11-07 11:42:07,864 INFO [org.springframework.test.context.support.DefaultTestContextBootstrapper] - Loaded default TestExecutionListener class names from location [META-INF/spring.factories]: [org.springframework.test.context.web.ServletTestExecutionListener, org.springframework.test.context.support.DirtiesContextBeforeModesTestExecutionListener, org.springframework.test.context.support.DependencyInjectionTestExecutionListener, org.springframework.test.context.support.DirtiesContextTestExecutionListener, org.springframework.test.context.transaction.TransactionalTestExecutionListener, org.springframework.test.context.jdbc.SqlScriptsTestExecutionListener]
2019-11-07 11:42:07,882 INFO [org.springframework.test.context.support.DefaultTestContextBootstrapper] - Using TestExecutionListeners: [org.springframework.test.context.web.ServletTestExecutionListener@6093dd95, org.springframework.test.context.support.DirtiesContextBeforeModesTestExecutionListener@5622fdf, org.springframework.test.context.support.DependencyInjectionTestExecutionListener@4883b407, org.springframework.test.context.support.DirtiesContextTestExecutionListener@7d9d1a19, org.springframework.test.context.transaction.TransactionalTestExecutionListener@39c0f4a, org.springframework.test.context.jdbc.SqlScriptsTestExecutionListener@1794d431]
2019-11-07 11:42:07,959 INFO [org.springframework.beans.factory.xml.XmlBeanDefinitionReader] - Loading XML bean definitions from class path resource [spring-context.xml]
2019-11-07 11:42:08,180 INFO [org.springframework.beans.factory.xml.XmlBeanDefinitionReader] - Loading XML bean definitions from class path resource [spring-context-druid.xml]
2019-11-07 11:42:08,226 INFO [org.springframework.beans.factory.xml.XmlBeanDefinitionReader] - Loading XML bean definitions from class path resource [spring-context-mybatis.xml]
2019-11-07 11:42:08,249 INFO [org.springframework.context.support.GenericApplicationContext] - Refreshing org.springframework.context.support.GenericApplicationContext@6536e911: startup date [Thu Nov 07 11:42:08 CST 2019]; root of context hierarchy
2019-11-07 11:42:09,003 INFO [com.alibaba.druid.pool.DruidDataSource] - {dataSource-1} inited
2019-11-07 11:42:09,592 INFO [org.springframework.beans.factory.xml.XmlBeanDefinitionReader] - Loading XML bean definitions from class path resource [org/springframework/jdbc/support/sql-error-codes.xml]
2019-11-07 11:42:09,620 INFO [org.springframework.jdbc.support.SQLErrorCodesFactory] - SQLErrorCodes loaded: [DB2, Derby, H2, HDB, HSQL, Informix, MS-SQL, MySQL, Oracle, PostgreSQL, Sybase]
2019-11-07 11:42:09,638 INFO [org.springframework.context.support.GenericApplicationContext] - Closing org.springframework.context.support.GenericApplicationContext@6536e911: startup date [Thu Nov 07 11:42:08 CST 2019]; root of context hierarchy
2019-11-07 11:42:09,644 INFO [com.alibaba.druid.pool.DruidDataSource] - {dataSource-1} closed
2019-11-07 11:44:04,341 INFO [org.springframework.test.context.support.DefaultTestContextBootstrapper] - Loaded default TestExecutionListener class names from location [META-INF/spring.factories]: [org.springframework.test.context.web.ServletTestExecutionListener, org.springframework.test.context.support.DirtiesContextBeforeModesTestExecutionListener, org.springframework.test.context.support.DependencyInjectionTestExecutionListener, org.springframework.test.context.support.DirtiesContextTestExecutionListener, org.springframework.test.context.transaction.TransactionalTestExecutionListener, org.springframework.test.context.jdbc.SqlScriptsTestExecutionListener]
2019-11-07 11:44:04,357 INFO [org.springframework.test.context.support.DefaultTestContextBootstrapper] - Using TestExecutionListeners: [org.springframework.test.context.web.ServletTestExecutionListener@6093dd95, org.springframework.test.context.support.DirtiesContextBeforeModesTestExecutionListener@5622fdf, org.springframework.test.context.support.DependencyInjectionTestExecutionListener@4883b407, org.springframework.test.context.support.DirtiesContextTestExecutionListener@7d9d1a19, org.springframework.test.context.transaction.TransactionalTestExecutionListener@39c0f4a, org.springframework.test.context.jdbc.SqlScriptsTestExecutionListener@1794d431]
2019-11-07 11:44:04,430 INFO [org.springframework.beans.factory.xml.XmlBeanDefinitionReader] - Loading XML bean definitions from class path resource [spring-context.xml]
2019-11-07 11:44:04,645 INFO [org.springframework.beans.factory.xml.XmlBeanDefinitionReader] - Loading XML bean definitions from class path resource [spring-context-druid.xml]
2019-11-07 11:44:04,682 INFO [org.springframework.beans.factory.xml.XmlBeanDefinitionReader] - Loading XML bean definitions from class path resource [spring-context-mybatis.xml]
2019-11-07 11:44:04,714 INFO [org.springframework.context.support.GenericApplicationContext] - Refreshing org.springframework.context.support.GenericApplicationContext@6536e911: startup date [Thu Nov 07 11:44:04 CST 2019]; root of context hierarchy
2019-11-07 11:44:05,463 INFO [com.alibaba.druid.pool.DruidDataSource] - {dataSource-1} inited
2019-11-07 11:44:05,930 INFO [org.springframework.context.support.GenericApplicationContext] - Closing org.springframework.context.support.GenericApplicationContext@6536e911: startup date [Thu Nov 07 11:44:04 CST 2019]; root of context hierarchy
2019-11-07 11:44:05,934 INFO [com.alibaba.druid.pool.DruidDataSource] - {dataSource-1} closed
